{"/home/runner/work/next-level-editor-jordan/next-level-editor-jordan/src/components/ContextMenu.vue": {"path":"/home/runner/work/next-level-editor-jordan/next-level-editor-jordan/src/components/ContextMenu.vue","statementMap":{"0":{"start":{"line":64,"column":14},"end":{"line":64,"column":null}},"1":{"start":{"line":65,"column":13},"end":{"line":65,"column":null}},"2":{"start":{"line":67,"column":24},"end":{"line":75,"column":null}},"3":{"start":{"line":68,"column":2},"end":{"line":68,"column":null}},"4":{"start":{"line":68,"column":21},"end":{"line":68,"column":null}},"5":{"start":{"line":70,"column":2},"end":{"line":72,"column":null}},"6":{"start":{"line":71,"column":4},"end":{"line":71,"column":null}},"7":{"start":{"line":74,"column":2},"end":{"line":74,"column":null}},"8":{"start":{"line":78,"column":28},"end":{"line":82,"column":null}},"9":{"start":{"line":79,"column":2},"end":{"line":81,"column":null}},"10":{"start":{"line":80,"column":4},"end":{"line":80,"column":null}},"11":{"start":{"line":84,"column":0},"end":{"line":93,"column":null}},"12":{"start":{"line":84,"column":12},"end":{"line":84,"column":24}},"13":{"start":{"line":85,"column":2},"end":{"line":92,"column":null}},"14":{"start":{"line":87,"column":4},"end":{"line":89,"column":null}},"15":{"start":{"line":88,"column":6},"end":{"line":88,"column":null}},"16":{"start":{"line":91,"column":4},"end":{"line":91,"column":null}},"17":{"start":{"line":28,"column":18},"end":{"line":28,"column":47}},"18":{"start":{"line":29,"column":18},"end":{"line":29,"column":48}},"19":{"start":{"line":26,"column":20},"end":{"line":26,"column":null}}},"fnMap":{"0":{"name":"(anonymous_0)","decl":{"start":{"line":67,"column":24},"end":{"line":67,"column":25}},"loc":{"start":{"line":67,"column":51},"end":{"line":75,"column":null}},"line":67},"1":{"name":"(anonymous_1)","decl":{"start":{"line":78,"column":28},"end":{"line":78,"column":34}},"loc":{"start":{"line":78,"column":34},"end":{"line":82,"column":null}},"line":78},"2":{"name":"(anonymous_2)","decl":{"start":{"line":84,"column":6},"end":{"line":84,"column":12}},"loc":{"start":{"line":84,"column":12},"end":{"line":84,"column":24}},"line":84},"3":{"name":"(anonymous_3)","decl":{"start":{"line":84,"column":24},"end":{"line":84,"column":25}},"loc":{"start":{"line":84,"column":37},"end":{"line":93,"column":1}},"line":84},"4":{"name":"(anonymous_4)","decl":{"start":{"line":87,"column":15},"end":{"line":87,"column":21}},"loc":{"start":{"line":87,"column":21},"end":{"line":89,"column":7}},"line":87},"5":{"name":"(anonymous_5)","decl":{"start":{"line":11,"column":8},"end":{"line":11,"column":9}},"loc":{"start":{"line":11,"column":8},"end":{"line":11,"column":9}},"line":11},"6":{"name":"(anonymous_6)","decl":{"start":{"line":12,"column":8},"end":{"line":12,"column":9}},"loc":{"start":{"line":12,"column":8},"end":{"line":12,"column":9}},"line":12},"7":{"name":"(anonymous_7)","decl":{"start":{"line":26,"column":18},"end":{"line":26,"column":20}},"loc":{"start":{"line":26,"column":20},"end":{"line":26,"column":null}},"line":26}},"branchMap":{"0":{"loc":{"start":{"line":68,"column":2},"end":{"line":68,"column":null}},"type":"if","locations":[{"start":{"line":68,"column":2},"end":{"line":68,"column":null}},{"start":{},"end":{}}],"line":68},"1":{"loc":{"start":{"line":70,"column":2},"end":{"line":72,"column":null}},"type":"if","locations":[{"start":{"line":70,"column":2},"end":{"line":72,"column":null}},{"start":{},"end":{}}],"line":70},"2":{"loc":{"start":{"line":79,"column":2},"end":{"line":81,"column":null}},"type":"if","locations":[{"start":{"line":79,"column":2},"end":{"line":81,"column":null}},{"start":{},"end":{}}],"line":79},"3":{"loc":{"start":{"line":85,"column":2},"end":{"line":92,"column":null}},"type":"if","locations":[{"start":{"line":85,"column":2},"end":{"line":92,"column":null}},{"start":{"line":90,"column":9},"end":{"line":92,"column":null}}],"line":85},"4":{"loc":{"start":{"line":11,"column":14},"end":{"line":11,"column":null}},"type":"binary-expr","locations":[{"start":{"line":11,"column":14},"end":{"line":11,"column":19}},{"start":{"line":11,"column":14},"end":{"line":11,"column":null}}],"line":11},"5":{"loc":{"start":{"line":12,"column":20},"end":{"line":12,"column":null}},"type":"binary-expr","locations":[{"start":{"line":12,"column":20},"end":{"line":12,"column":28}},{"start":{"line":12,"column":20},"end":{"line":12,"column":null}}],"line":12},"6":{"loc":{"start":{"line":31,"column":20},"end":{"line":33,"column":39}},"type":"cond-expr","locations":[{"start":{"line":31,"column":25},"end":{"line":33,"column":39}},{"start":{"line":33,"column":29},"end":{"line":33,"column":39}}],"line":31}},"s":{"0":9,"1":9,"2":9,"3":2,"4":0,"5":2,"6":2,"7":2,"8":9,"9":0,"10":0,"11":9,"12":9,"13":0,"14":0,"15":0,"16":0,"17":1,"18":1,"19":2},"f":{"0":2,"1":0,"2":9,"3":0,"4":0,"5":2,"6":0,"7":2},"b":{"0":[0,2],"1":[2,0],"2":[0,0],"3":[0,0],"4":[8,8],"5":[8,8],"6":[2,7]},"meta":{"lastBranch":0,"lastFunction":0,"lastStatement":0,"seen":{}}}
,"/home/runner/work/next-level-editor-jordan/next-level-editor-jordan/src/utils/commands.ts": {"path":"/home/runner/work/next-level-editor-jordan/next-level-editor-jordan/src/utils/commands.ts","statementMap":{"0":{"start":{"line":20,"column":15},"end":{"line":20,"column":null}},"1":{"start":{"line":21,"column":2},"end":{"line":21,"column":null}},"2":{"start":{"line":22,"column":15},"end":{"line":22,"column":null}},"3":{"start":{"line":23,"column":16},"end":{"line":23,"column":null}},"4":{"start":{"line":24,"column":2},"end":{"line":24,"column":null}},"5":{"start":{"line":33,"column":15},"end":{"line":33,"column":null}},"6":{"start":{"line":34,"column":2},"end":{"line":34,"column":null}},"7":{"start":{"line":35,"column":15},"end":{"line":35,"column":null}},"8":{"start":{"line":36,"column":2},"end":{"line":36,"column":null}},"9":{"start":{"line":45,"column":15},"end":{"line":45,"column":null}},"10":{"start":{"line":46,"column":2},"end":{"line":46,"column":null}},"11":{"start":{"line":47,"column":15},"end":{"line":47,"column":null}},"12":{"start":{"line":48,"column":2},"end":{"line":48,"column":null}},"13":{"start":{"line":57,"column":18},"end":{"line":62,"column":null}},"14":{"start":{"line":64,"column":20},"end":{"line":64,"column":null}},"15":{"start":{"line":65,"column":2},"end":{"line":65,"column":null}},"16":{"start":{"line":65,"column":48},"end":{"line":65,"column":null}},"17":{"start":{"line":67,"column":16},"end":{"line":67,"column":null}},"18":{"start":{"line":69,"column":2},"end":{"line":92,"column":null}},"19":{"start":{"line":71,"column":17},"end":{"line":71,"column":null}},"20":{"start":{"line":72,"column":4},"end":{"line":72,"column":null}},"21":{"start":{"line":73,"column":4},"end":{"line":73,"column":null}},"22":{"start":{"line":74,"column":4},"end":{"line":74,"column":null}},"23":{"start":{"line":75,"column":4},"end":{"line":75,"column":null}},"24":{"start":{"line":76,"column":4},"end":{"line":76,"column":null}},"25":{"start":{"line":77,"column":4},"end":{"line":77,"column":null}},"26":{"start":{"line":78,"column":4},"end":{"line":78,"column":null}},"27":{"start":{"line":81,"column":17},"end":{"line":81,"column":null}},"28":{"start":{"line":82,"column":4},"end":{"line":82,"column":null}},"29":{"start":{"line":83,"column":21},"end":{"line":83,"column":null}},"30":{"start":{"line":84,"column":4},"end":{"line":84,"column":null}},"31":{"start":{"line":85,"column":4},"end":{"line":85,"column":null}},"32":{"start":{"line":88,"column":21},"end":{"line":88,"column":null}},"33":{"start":{"line":89,"column":4},"end":{"line":89,"column":null}},"34":{"start":{"line":90,"column":4},"end":{"line":90,"column":null}},"35":{"start":{"line":91,"column":4},"end":{"line":91,"column":null}},"36":{"start":{"line":101,"column":20},"end":{"line":101,"column":null}},"37":{"start":{"line":102,"column":2},"end":{"line":102,"column":null}},"38":{"start":{"line":102,"column":48},"end":{"line":102,"column":null}},"39":{"start":{"line":104,"column":16},"end":{"line":104,"column":null}},"40":{"start":{"line":105,"column":16},"end":{"line":105,"column":null}},"41":{"start":{"line":108,"column":2},"end":{"line":117,"column":null}},"42":{"start":{"line":109,"column":4},"end":{"line":115,"column":null}},"43":{"start":{"line":110,"column":22},"end":{"line":110,"column":null}},"44":{"start":{"line":111,"column":6},"end":{"line":114,"column":null}},"45":{"start":{"line":112,"column":8},"end":{"line":112,"column":null}},"46":{"start":{"line":113,"column":8},"end":{"line":113,"column":null}},"47":{"start":{"line":116,"column":4},"end":{"line":116,"column":null}},"48":{"start":{"line":126,"column":20},"end":{"line":126,"column":null}},"49":{"start":{"line":127,"column":2},"end":{"line":127,"column":null}},"50":{"start":{"line":127,"column":48},"end":{"line":127,"column":null}},"51":{"start":{"line":129,"column":16},"end":{"line":129,"column":null}},"52":{"start":{"line":131,"column":2},"end":{"line":154,"column":null}},"53":{"start":{"line":133,"column":17},"end":{"line":133,"column":null}},"54":{"start":{"line":134,"column":4},"end":{"line":134,"column":null}},"55":{"start":{"line":135,"column":4},"end":{"line":135,"column":null}},"56":{"start":{"line":136,"column":4},"end":{"line":136,"column":null}},"57":{"start":{"line":137,"column":4},"end":{"line":137,"column":null}},"58":{"start":{"line":138,"column":4},"end":{"line":138,"column":null}},"59":{"start":{"line":139,"column":4},"end":{"line":139,"column":null}},"60":{"start":{"line":140,"column":4},"end":{"line":140,"column":null}},"61":{"start":{"line":143,"column":17},"end":{"line":143,"column":null}},"62":{"start":{"line":144,"column":4},"end":{"line":144,"column":null}},"63":{"start":{"line":145,"column":21},"end":{"line":145,"column":null}},"64":{"start":{"line":146,"column":4},"end":{"line":146,"column":null}},"65":{"start":{"line":147,"column":4},"end":{"line":147,"column":null}},"66":{"start":{"line":150,"column":21},"end":{"line":150,"column":null}},"67":{"start":{"line":151,"column":4},"end":{"line":151,"column":null}},"68":{"start":{"line":152,"column":4},"end":{"line":152,"column":null}},"69":{"start":{"line":153,"column":4},"end":{"line":153,"column":null}},"70":{"start":{"line":163,"column":20},"end":{"line":163,"column":null}},"71":{"start":{"line":164,"column":2},"end":{"line":164,"column":null}},"72":{"start":{"line":164,"column":48},"end":{"line":164,"column":null}},"73":{"start":{"line":166,"column":16},"end":{"line":166,"column":null}},"74":{"start":{"line":168,"column":2},"end":{"line":189,"column":null}},"75":{"start":{"line":169,"column":17},"end":{"line":169,"column":null}},"76":{"start":{"line":170,"column":4},"end":{"line":170,"column":null}},"77":{"start":{"line":171,"column":4},"end":{"line":171,"column":null}},"78":{"start":{"line":172,"column":4},"end":{"line":172,"column":null}},"79":{"start":{"line":173,"column":4},"end":{"line":173,"column":null}},"80":{"start":{"line":174,"column":4},"end":{"line":174,"column":null}},"81":{"start":{"line":175,"column":4},"end":{"line":175,"column":null}},"82":{"start":{"line":176,"column":4},"end":{"line":176,"column":null}},"83":{"start":{"line":178,"column":17},"end":{"line":178,"column":null}},"84":{"start":{"line":179,"column":4},"end":{"line":179,"column":null}},"85":{"start":{"line":180,"column":21},"end":{"line":180,"column":null}},"86":{"start":{"line":181,"column":4},"end":{"line":181,"column":null}},"87":{"start":{"line":182,"column":4},"end":{"line":182,"column":null}},"88":{"start":{"line":185,"column":21},"end":{"line":185,"column":null}},"89":{"start":{"line":186,"column":4},"end":{"line":186,"column":null}},"90":{"start":{"line":187,"column":4},"end":{"line":187,"column":null}},"91":{"start":{"line":188,"column":4},"end":{"line":188,"column":null}},"92":{"start":{"line":197,"column":20},"end":{"line":197,"column":null}},"93":{"start":{"line":198,"column":2},"end":{"line":198,"column":null}},"94":{"start":{"line":198,"column":48},"end":{"line":198,"column":null}},"95":{"start":{"line":200,"column":16},"end":{"line":200,"column":null}},"96":{"start":{"line":201,"column":13},"end":{"line":201,"column":null}},"97":{"start":{"line":202,"column":2},"end":{"line":202,"column":null}},"98":{"start":{"line":203,"column":2},"end":{"line":203,"column":null}},"99":{"start":{"line":206,"column":19},"end":{"line":206,"column":null}},"100":{"start":{"line":207,"column":2},"end":{"line":207,"column":null}},"101":{"start":{"line":208,"column":2},"end":{"line":208,"column":null}},"102":{"start":{"line":209,"column":2},"end":{"line":209,"column":null}},"103":{"start":{"line":210,"column":2},"end":{"line":210,"column":null}},"104":{"start":{"line":221,"column":20},"end":{"line":221,"column":null}},"105":{"start":{"line":222,"column":2},"end":{"line":222,"column":null}},"106":{"start":{"line":222,"column":48},"end":{"line":222,"column":null}},"107":{"start":{"line":224,"column":16},"end":{"line":224,"column":null}},"108":{"start":{"line":226,"column":16},"end":{"line":226,"column":null}},"109":{"start":{"line":227,"column":2},"end":{"line":227,"column":null}},"110":{"start":{"line":228,"column":2},"end":{"line":228,"column":null}},"111":{"start":{"line":229,"column":2},"end":{"line":229,"column":null}},"112":{"start":{"line":230,"column":2},"end":{"line":230,"column":null}},"113":{"start":{"line":233,"column":2},"end":{"line":250,"column":null}},"114":{"start":{"line":234,"column":18},"end":{"line":234,"column":null}},"115":{"start":{"line":235,"column":22},"end":{"line":235,"column":null}},"116":{"start":{"line":237,"column":4},"end":{"line":246,"column":null}},"117":{"start":{"line":237,"column":17},"end":{"line":237,"column":20}},"118":{"start":{"line":238,"column":17},"end":{"line":238,"column":null}},"119":{"start":{"line":239,"column":6},"end":{"line":239,"column":null}},"120":{"start":{"line":240,"column":6},"end":{"line":240,"column":null}},"121":{"start":{"line":241,"column":6},"end":{"line":241,"column":null}},"122":{"start":{"line":242,"column":6},"end":{"line":242,"column":null}},"123":{"start":{"line":243,"column":6},"end":{"line":243,"column":null}},"124":{"start":{"line":244,"column":6},"end":{"line":244,"column":null}},"125":{"start":{"line":245,"column":6},"end":{"line":245,"column":null}},"126":{"start":{"line":248,"column":4},"end":{"line":248,"column":null}},"127":{"start":{"line":249,"column":4},"end":{"line":249,"column":null}},"128":{"start":{"line":253,"column":16},"end":{"line":253,"column":null}},"129":{"start":{"line":254,"column":20},"end":{"line":254,"column":null}},"130":{"start":{"line":256,"column":2},"end":{"line":268,"column":null}},"131":{"start":{"line":256,"column":15},"end":{"line":256,"column":18}},"132":{"start":{"line":257,"column":15},"end":{"line":257,"column":null}},"133":{"start":{"line":259,"column":4},"end":{"line":265,"column":null}},"134":{"start":{"line":259,"column":17},"end":{"line":259,"column":20}},"135":{"start":{"line":260,"column":17},"end":{"line":260,"column":null}},"136":{"start":{"line":261,"column":6},"end":{"line":261,"column":null}},"137":{"start":{"line":262,"column":6},"end":{"line":262,"column":null}},"138":{"start":{"line":263,"column":6},"end":{"line":263,"column":null}},"139":{"start":{"line":264,"column":6},"end":{"line":264,"column":null}},"140":{"start":{"line":267,"column":4},"end":{"line":267,"column":null}},"141":{"start":{"line":270,"column":2},"end":{"line":270,"column":null}},"142":{"start":{"line":272,"column":2},"end":{"line":272,"column":null}},"143":{"start":{"line":273,"column":2},"end":{"line":273,"column":null}},"144":{"start":{"line":276,"column":19},"end":{"line":276,"column":null}},"145":{"start":{"line":277,"column":2},"end":{"line":277,"column":null}},"146":{"start":{"line":278,"column":2},"end":{"line":278,"column":null}},"147":{"start":{"line":279,"column":2},"end":{"line":279,"column":null}},"148":{"start":{"line":280,"column":2},"end":{"line":280,"column":null}},"149":{"start":{"line":297,"column":2},"end":{"line":297,"column":null}},"150":{"start":{"line":297,"column":19},"end":{"line":297,"column":null}},"151":{"start":{"line":299,"column":14},"end":{"line":299,"column":null}},"152":{"start":{"line":300,"column":2},"end":{"line":300,"column":null}},"153":{"start":{"line":300,"column":30},"end":{"line":300,"column":null}},"154":{"start":{"line":302,"column":16},"end":{"line":302,"column":null}},"155":{"start":{"line":303,"column":2},"end":{"line":305,"column":null}},"156":{"start":{"line":304,"column":4},"end":{"line":304,"column":null}},"157":{"start":{"line":307,"column":16},"end":{"line":307,"column":null}},"158":{"start":{"line":309,"column":15},"end":{"line":309,"column":null}},"159":{"start":{"line":310,"column":2},"end":{"line":310,"column":null}},"160":{"start":{"line":312,"column":29},"end":{"line":320,"column":null}},"161":{"start":{"line":313,"column":4},"end":{"line":319,"column":null}},"162":{"start":{"line":314,"column":6},"end":{"line":316,"column":null}},"163":{"start":{"line":315,"column":8},"end":{"line":315,"column":null}},"164":{"start":{"line":317,"column":4},"end":{"line":319,"column":null}},"165":{"start":{"line":318,"column":6},"end":{"line":318,"column":null}},"166":{"start":{"line":322,"column":2},"end":{"line":322,"column":null}},"167":{"start":{"line":323,"column":2},"end":{"line":323,"column":null}}},"fnMap":{"0":{"name":"getWordCount","decl":{"start":{"line":19,"column":16},"end":{"line":19,"column":29}},"loc":{"start":{"line":19,"column":51},"end":{"line":25,"column":null}},"line":19},"1":{"name":"getCharacterCount","decl":{"start":{"line":32,"column":16},"end":{"line":32,"column":34}},"loc":{"start":{"line":32,"column":56},"end":{"line":37,"column":null}},"line":32},"2":{"name":"getCharacterCountWithoutSpaces","decl":{"start":{"line":44,"column":16},"end":{"line":44,"column":47}},"loc":{"start":{"line":44,"column":69},"end":{"line":49,"column":null}},"line":44},"3":{"name":"applyFontSize","decl":{"start":{"line":56,"column":16},"end":{"line":56,"column":30}},"loc":{"start":{"line":56,"column":95},"end":{"line":93,"column":null}},"line":56},"4":{"name":"applyTextAlignment","decl":{"start":{"line":100,"column":16},"end":{"line":100,"column":35}},"loc":{"start":{"line":100,"column":106},"end":{"line":118,"column":null}},"line":100},"5":{"name":"applyTextColor","decl":{"start":{"line":125,"column":16},"end":{"line":125,"column":31}},"loc":{"start":{"line":125,"column":66},"end":{"line":155,"column":null}},"line":125},"6":{"name":"applyBackgroundColor","decl":{"start":{"line":162,"column":16},"end":{"line":162,"column":37}},"loc":{"start":{"line":162,"column":72},"end":{"line":190,"column":null}},"line":162},"7":{"name":"insertHorizontalRule","decl":{"start":{"line":196,"column":16},"end":{"line":196,"column":37}},"loc":{"start":{"line":196,"column":57},"end":{"line":211,"column":null}},"line":196},"8":{"name":"insertTable","decl":{"start":{"line":220,"column":16},"end":{"line":220,"column":28}},"loc":{"start":{"line":220,"column":100},"end":{"line":281,"column":null}},"line":220},"9":{"name":"searchAndReplace","decl":{"start":{"line":291,"column":16},"end":{"line":291,"column":null}},"loc":{"start":{"line":296,"column":10},"end":{"line":324,"column":null}},"line":296},"10":{"name":"(anonymous_10)","decl":{"start":{"line":312,"column":29},"end":{"line":312,"column":30}},"loc":{"start":{"line":312,"column":45},"end":{"line":320,"column":null}},"line":312}},"branchMap":{"0":{"loc":{"start":{"line":22,"column":15},"end":{"line":22,"column":null}},"type":"binary-expr","locations":[{"start":{"line":22,"column":15},"end":{"line":22,"column":35}},{"start":{"line":22,"column":35},"end":{"line":22,"column":null}}],"line":22},"1":{"loc":{"start":{"line":35,"column":15},"end":{"line":35,"column":null}},"type":"binary-expr","locations":[{"start":{"line":35,"column":15},"end":{"line":35,"column":35}},{"start":{"line":35,"column":35},"end":{"line":35,"column":null}}],"line":35},"2":{"loc":{"start":{"line":47,"column":15},"end":{"line":47,"column":null}},"type":"binary-expr","locations":[{"start":{"line":47,"column":15},"end":{"line":47,"column":35}},{"start":{"line":47,"column":35},"end":{"line":47,"column":null}}],"line":47},"3":{"loc":{"start":{"line":65,"column":2},"end":{"line":65,"column":null}},"type":"if","locations":[{"start":{"line":65,"column":2},"end":{"line":65,"column":null}},{"start":{},"end":{}}],"line":65},"4":{"loc":{"start":{"line":65,"column":6},"end":{"line":65,"column":48}},"type":"binary-expr","locations":[{"start":{"line":65,"column":6},"end":{"line":65,"column":20}},{"start":{"line":65,"column":20},"end":{"line":65,"column":48}}],"line":65},"5":{"loc":{"start":{"line":69,"column":2},"end":{"line":92,"column":null}},"type":"if","locations":[{"start":{"line":69,"column":2},"end":{"line":92,"column":null}},{"start":{"line":79,"column":9},"end":{"line":92,"column":null}}],"line":69},"6":{"loc":{"start":{"line":102,"column":2},"end":{"line":102,"column":null}},"type":"if","locations":[{"start":{"line":102,"column":2},"end":{"line":102,"column":null}},{"start":{},"end":{}}],"line":102},"7":{"loc":{"start":{"line":102,"column":6},"end":{"line":102,"column":48}},"type":"binary-expr","locations":[{"start":{"line":102,"column":6},"end":{"line":102,"column":20}},{"start":{"line":102,"column":20},"end":{"line":102,"column":48}}],"line":102},"8":{"loc":{"start":{"line":108,"column":9},"end":{"line":108,"column":38}},"type":"binary-expr","locations":[{"start":{"line":108,"column":9},"end":{"line":108,"column":20}},{"start":{"line":108,"column":20},"end":{"line":108,"column":38}}],"line":108},"9":{"loc":{"start":{"line":109,"column":4},"end":{"line":115,"column":null}},"type":"if","locations":[{"start":{"line":109,"column":4},"end":{"line":115,"column":null}},{"start":{},"end":{}}],"line":109},"10":{"loc":{"start":{"line":111,"column":6},"end":{"line":114,"column":null}},"type":"if","locations":[{"start":{"line":111,"column":6},"end":{"line":114,"column":null}},{"start":{},"end":{}}],"line":111},"11":{"loc":{"start":{"line":127,"column":2},"end":{"line":127,"column":null}},"type":"if","locations":[{"start":{"line":127,"column":2},"end":{"line":127,"column":null}},{"start":{},"end":{}}],"line":127},"12":{"loc":{"start":{"line":127,"column":6},"end":{"line":127,"column":48}},"type":"binary-expr","locations":[{"start":{"line":127,"column":6},"end":{"line":127,"column":20}},{"start":{"line":127,"column":20},"end":{"line":127,"column":48}}],"line":127},"13":{"loc":{"start":{"line":131,"column":2},"end":{"line":154,"column":null}},"type":"if","locations":[{"start":{"line":131,"column":2},"end":{"line":154,"column":null}},{"start":{"line":141,"column":9},"end":{"line":154,"column":null}}],"line":131},"14":{"loc":{"start":{"line":164,"column":2},"end":{"line":164,"column":null}},"type":"if","locations":[{"start":{"line":164,"column":2},"end":{"line":164,"column":null}},{"start":{},"end":{}}],"line":164},"15":{"loc":{"start":{"line":164,"column":6},"end":{"line":164,"column":48}},"type":"binary-expr","locations":[{"start":{"line":164,"column":6},"end":{"line":164,"column":20}},{"start":{"line":164,"column":20},"end":{"line":164,"column":48}}],"line":164},"16":{"loc":{"start":{"line":168,"column":2},"end":{"line":189,"column":null}},"type":"if","locations":[{"start":{"line":168,"column":2},"end":{"line":189,"column":null}},{"start":{"line":177,"column":9},"end":{"line":189,"column":null}}],"line":168},"17":{"loc":{"start":{"line":198,"column":2},"end":{"line":198,"column":null}},"type":"if","locations":[{"start":{"line":198,"column":2},"end":{"line":198,"column":null}},{"start":{},"end":{}}],"line":198},"18":{"loc":{"start":{"line":198,"column":6},"end":{"line":198,"column":48}},"type":"binary-expr","locations":[{"start":{"line":198,"column":6},"end":{"line":198,"column":20}},{"start":{"line":198,"column":20},"end":{"line":198,"column":48}}],"line":198},"19":{"loc":{"start":{"line":222,"column":2},"end":{"line":222,"column":null}},"type":"if","locations":[{"start":{"line":222,"column":2},"end":{"line":222,"column":null}},{"start":{},"end":{}}],"line":222},"20":{"loc":{"start":{"line":222,"column":6},"end":{"line":222,"column":48}},"type":"binary-expr","locations":[{"start":{"line":222,"column":6},"end":{"line":222,"column":20}},{"start":{"line":222,"column":20},"end":{"line":222,"column":48}}],"line":222},"21":{"loc":{"start":{"line":233,"column":2},"end":{"line":250,"column":null}},"type":"if","locations":[{"start":{"line":233,"column":2},"end":{"line":250,"column":null}},{"start":{},"end":{}}],"line":233},"22":{"loc":{"start":{"line":254,"column":20},"end":{"line":254,"column":null}},"type":"cond-expr","locations":[{"start":{"line":254,"column":36},"end":{"line":254,"column":47}},{"start":{"line":254,"column":47},"end":{"line":254,"column":null}}],"line":254},"23":{"loc":{"start":{"line":295,"column":2},"end":{"line":295,"column":null}},"type":"default-arg","locations":[{"start":{"line":295,"column":62},"end":{"line":295,"column":null}}],"line":295},"24":{"loc":{"start":{"line":297,"column":2},"end":{"line":297,"column":null}},"type":"if","locations":[{"start":{"line":297,"column":2},"end":{"line":297,"column":null}},{"start":{},"end":{}}],"line":297},"25":{"loc":{"start":{"line":300,"column":2},"end":{"line":300,"column":null}},"type":"if","locations":[{"start":{"line":300,"column":2},"end":{"line":300,"column":null}},{"start":{},"end":{}}],"line":300},"26":{"loc":{"start":{"line":303,"column":2},"end":{"line":305,"column":null}},"type":"if","locations":[{"start":{"line":303,"column":2},"end":{"line":305,"column":null}},{"start":{},"end":{}}],"line":303},"27":{"loc":{"start":{"line":313,"column":4},"end":{"line":319,"column":null}},"type":"if","locations":[{"start":{"line":313,"column":4},"end":{"line":319,"column":null}},{"start":{"line":317,"column":4},"end":{"line":319,"column":null}}],"line":313},"28":{"loc":{"start":{"line":314,"column":6},"end":{"line":316,"column":null}},"type":"if","locations":[{"start":{"line":314,"column":6},"end":{"line":316,"column":null}},{"start":{},"end":{}}],"line":314},"29":{"loc":{"start":{"line":317,"column":4},"end":{"line":319,"column":null}},"type":"if","locations":[{"start":{"line":317,"column":4},"end":{"line":319,"column":null}},{"start":{},"end":{}}],"line":317}},"s":{"0":7,"1":7,"2":7,"3":7,"4":7,"5":6,"6":6,"7":6,"8":6,"9":3,"10":3,"11":3,"12":3,"13":7,"14":7,"15":7,"16":0,"17":7,"18":7,"19":1,"20":1,"21":1,"22":1,"23":1,"24":1,"25":1,"26":1,"27":6,"28":6,"29":6,"30":6,"31":6,"32":6,"33":6,"34":6,"35":6,"36":5,"37":5,"38":0,"39":5,"40":5,"41":5,"42":5,"43":5,"44":5,"45":5,"46":5,"47":0,"48":3,"49":3,"50":0,"51":3,"52":3,"53":1,"54":1,"55":1,"56":1,"57":1,"58":1,"59":1,"60":1,"61":2,"62":2,"63":2,"64":2,"65":2,"66":2,"67":2,"68":2,"69":2,"70":3,"71":3,"72":0,"73":3,"74":3,"75":1,"76":1,"77":1,"78":1,"79":1,"80":1,"81":1,"82":1,"83":2,"84":2,"85":2,"86":2,"87":2,"88":2,"89":2,"90":2,"91":2,"92":2,"93":2,"94":0,"95":2,"96":2,"97":2,"98":2,"99":2,"100":2,"101":2,"102":2,"103":2,"104":3,"105":3,"106":0,"107":3,"108":3,"109":3,"110":3,"111":3,"112":3,"113":3,"114":2,"115":2,"116":2,"117":2,"118":4,"119":4,"120":4,"121":4,"122":4,"123":4,"124":4,"125":4,"126":2,"127":2,"128":3,"129":3,"130":3,"131":3,"132":6,"133":6,"134":6,"135":12,"136":12,"137":12,"138":12,"139":12,"140":6,"141":3,"142":3,"143":3,"144":3,"145":3,"146":3,"147":3,"148":3,"149":9,"150":1,"151":8,"152":8,"153":6,"154":8,"155":8,"156":2,"157":8,"158":8,"159":8,"160":8,"161":24,"162":8,"163":8,"164":16,"165":16,"166":8,"167":8},"f":{"0":7,"1":6,"2":3,"3":7,"4":5,"5":3,"6":3,"7":2,"8":3,"9":9,"10":24},"b":{"0":[7,1],"1":[6,2],"2":[3,1],"3":[0,7],"4":[7,7],"5":[1,6],"6":[0,5],"7":[5,5],"8":[5,5],"9":[5,0],"10":[5,0],"11":[0,3],"12":[3,3],"13":[1,2],"14":[0,3],"15":[3,3],"16":[1,2],"17":[0,2],"18":[2,2],"19":[0,3],"20":[3,3],"21":[2,1],"22":[2,1],"23":[9],"24":[1,8],"25":[6,2],"26":[2,6],"27":[8,16],"28":[8,0],"29":[16,0]},"meta":{"lastBranch":30,"lastFunction":11,"lastStatement":168,"seen":{"f:19:16:19:29":0,"s:20:15:20:Infinity":0,"s:21:2:21:Infinity":1,"s:22:15:22:Infinity":2,"b:22:15:22:35:22:35:22:Infinity":0,"s:23:16:23:Infinity":3,"s:24:2:24:Infinity":4,"f:32:16:32:34":1,"s:33:15:33:Infinity":5,"s:34:2:34:Infinity":6,"s:35:15:35:Infinity":7,"b:35:15:35:35:35:35:35:Infinity":1,"s:36:2:36:Infinity":8,"f:44:16:44:47":2,"s:45:15:45:Infinity":9,"s:46:2:46:Infinity":10,"s:47:15:47:Infinity":11,"b:47:15:47:35:47:35:47:Infinity":2,"s:48:2:48:Infinity":12,"f:56:16:56:30":3,"s:57:18:62:Infinity":13,"s:64:20:64:Infinity":14,"b:65:2:65:Infinity:undefined:undefined:undefined:undefined":3,"s:65:2:65:Infinity":15,"b:65:6:65:20:65:20:65:48":4,"s:65:48:65:Infinity":16,"s:67:16:67:Infinity":17,"b:69:2:92:Infinity:79:9:92:Infinity":5,"s:69:2:92:Infinity":18,"s:71:17:71:Infinity":19,"s:72:4:72:Infinity":20,"s:73:4:73:Infinity":21,"s:74:4:74:Infinity":22,"s:75:4:75:Infinity":23,"s:76:4:76:Infinity":24,"s:77:4:77:Infinity":25,"s:78:4:78:Infinity":26,"s:81:17:81:Infinity":27,"s:82:4:82:Infinity":28,"s:83:21:83:Infinity":29,"s:84:4:84:Infinity":30,"s:85:4:85:Infinity":31,"s:88:21:88:Infinity":32,"s:89:4:89:Infinity":33,"s:90:4:90:Infinity":34,"s:91:4:91:Infinity":35,"f:100:16:100:35":4,"s:101:20:101:Infinity":36,"b:102:2:102:Infinity:undefined:undefined:undefined:undefined":6,"s:102:2:102:Infinity":37,"b:102:6:102:20:102:20:102:48":7,"s:102:48:102:Infinity":38,"s:104:16:104:Infinity":39,"s:105:16:105:Infinity":40,"s:108:2:117:Infinity":41,"b:108:9:108:20:108:20:108:38":8,"b:109:4:115:Infinity:undefined:undefined:undefined:undefined":9,"s:109:4:115:Infinity":42,"s:110:22:110:Infinity":43,"b:111:6:114:Infinity:undefined:undefined:undefined:undefined":10,"s:111:6:114:Infinity":44,"s:112:8:112:Infinity":45,"s:113:8:113:Infinity":46,"s:116:4:116:Infinity":47,"f:125:16:125:31":5,"s:126:20:126:Infinity":48,"b:127:2:127:Infinity:undefined:undefined:undefined:undefined":11,"s:127:2:127:Infinity":49,"b:127:6:127:20:127:20:127:48":12,"s:127:48:127:Infinity":50,"s:129:16:129:Infinity":51,"b:131:2:154:Infinity:141:9:154:Infinity":13,"s:131:2:154:Infinity":52,"s:133:17:133:Infinity":53,"s:134:4:134:Infinity":54,"s:135:4:135:Infinity":55,"s:136:4:136:Infinity":56,"s:137:4:137:Infinity":57,"s:138:4:138:Infinity":58,"s:139:4:139:Infinity":59,"s:140:4:140:Infinity":60,"s:143:17:143:Infinity":61,"s:144:4:144:Infinity":62,"s:145:21:145:Infinity":63,"s:146:4:146:Infinity":64,"s:147:4:147:Infinity":65,"s:150:21:150:Infinity":66,"s:151:4:151:Infinity":67,"s:152:4:152:Infinity":68,"s:153:4:153:Infinity":69,"f:162:16:162:37":6,"s:163:20:163:Infinity":70,"b:164:2:164:Infinity:undefined:undefined:undefined:undefined":14,"s:164:2:164:Infinity":71,"b:164:6:164:20:164:20:164:48":15,"s:164:48:164:Infinity":72,"s:166:16:166:Infinity":73,"b:168:2:189:Infinity:177:9:189:Infinity":16,"s:168:2:189:Infinity":74,"s:169:17:169:Infinity":75,"s:170:4:170:Infinity":76,"s:171:4:171:Infinity":77,"s:172:4:172:Infinity":78,"s:173:4:173:Infinity":79,"s:174:4:174:Infinity":80,"s:175:4:175:Infinity":81,"s:176:4:176:Infinity":82,"s:178:17:178:Infinity":83,"s:179:4:179:Infinity":84,"s:180:21:180:Infinity":85,"s:181:4:181:Infinity":86,"s:182:4:182:Infinity":87,"s:185:21:185:Infinity":88,"s:186:4:186:Infinity":89,"s:187:4:187:Infinity":90,"s:188:4:188:Infinity":91,"f:196:16:196:37":7,"s:197:20:197:Infinity":92,"b:198:2:198:Infinity:undefined:undefined:undefined:undefined":17,"s:198:2:198:Infinity":93,"b:198:6:198:20:198:20:198:48":18,"s:198:48:198:Infinity":94,"s:200:16:200:Infinity":95,"s:201:13:201:Infinity":96,"s:202:2:202:Infinity":97,"s:203:2:203:Infinity":98,"s:206:19:206:Infinity":99,"s:207:2:207:Infinity":100,"s:208:2:208:Infinity":101,"s:209:2:209:Infinity":102,"s:210:2:210:Infinity":103,"f:220:16:220:28":8,"s:221:20:221:Infinity":104,"b:222:2:222:Infinity:undefined:undefined:undefined:undefined":19,"s:222:2:222:Infinity":105,"b:222:6:222:20:222:20:222:48":20,"s:222:48:222:Infinity":106,"s:224:16:224:Infinity":107,"s:226:16:226:Infinity":108,"s:227:2:227:Infinity":109,"s:228:2:228:Infinity":110,"s:229:2:229:Infinity":111,"s:230:2:230:Infinity":112,"b:233:2:250:Infinity:undefined:undefined:undefined:undefined":21,"s:233:2:250:Infinity":113,"s:234:18:234:Infinity":114,"s:235:22:235:Infinity":115,"s:237:4:246:Infinity":116,"s:237:17:237:20":117,"s:238:17:238:Infinity":118,"s:239:6:239:Infinity":119,"s:240:6:240:Infinity":120,"s:241:6:241:Infinity":121,"s:242:6:242:Infinity":122,"s:243:6:243:Infinity":123,"s:244:6:244:Infinity":124,"s:245:6:245:Infinity":125,"s:248:4:248:Infinity":126,"s:249:4:249:Infinity":127,"s:253:16:253:Infinity":128,"s:254:20:254:Infinity":129,"b:254:36:254:47:254:47:254:Infinity":22,"s:256:2:268:Infinity":130,"s:256:15:256:18":131,"s:257:15:257:Infinity":132,"s:259:4:265:Infinity":133,"s:259:17:259:20":134,"s:260:17:260:Infinity":135,"s:261:6:261:Infinity":136,"s:262:6:262:Infinity":137,"s:263:6:263:Infinity":138,"s:264:6:264:Infinity":139,"s:267:4:267:Infinity":140,"s:270:2:270:Infinity":141,"s:272:2:272:Infinity":142,"s:273:2:273:Infinity":143,"s:276:19:276:Infinity":144,"s:277:2:277:Infinity":145,"s:278:2:278:Infinity":146,"s:279:2:279:Infinity":147,"s:280:2:280:Infinity":148,"f:291:16:291:Infinity":9,"b:295:62:295:Infinity":23,"b:297:2:297:Infinity:undefined:undefined:undefined:undefined":24,"s:297:2:297:Infinity":149,"s:297:19:297:Infinity":150,"s:299:14:299:Infinity":151,"b:300:2:300:Infinity:undefined:undefined:undefined:undefined":25,"s:300:2:300:Infinity":152,"s:300:30:300:Infinity":153,"s:302:16:302:Infinity":154,"b:303:2:305:Infinity:undefined:undefined:undefined:undefined":26,"s:303:2:305:Infinity":155,"s:304:4:304:Infinity":156,"s:307:16:307:Infinity":157,"s:309:15:309:Infinity":158,"s:310:2:310:Infinity":159,"s:312:29:320:Infinity":160,"f:312:29:312:30":10,"b:313:4:319:Infinity:317:4:319:Infinity":27,"s:313:4:319:Infinity":161,"b:314:6:316:Infinity:undefined:undefined:undefined:undefined":28,"s:314:6:316:Infinity":162,"s:315:8:315:Infinity":163,"b:317:4:319:Infinity:undefined:undefined:undefined:undefined":29,"s:317:4:319:Infinity":164,"s:318:6:318:Infinity":165,"s:322:2:322:Infinity":166,"s:323:2:323:Infinity":167}}}
,"/home/runner/work/next-level-editor-jordan/next-level-editor-jordan/src/utils/embed.ts": {"path":"/home/runner/work/next-level-editor-jordan/next-level-editor-jordan/src/utils/embed.ts","statementMap":{"0":{"start":{"line":8,"column":25},"end":{"line":12,"column":null}},"1":{"start":{"line":17,"column":23},"end":{"line":20,"column":null}},"2":{"start":{"line":26,"column":2},"end":{"line":31,"column":null}},"3":{"start":{"line":27,"column":18},"end":{"line":27,"column":null}},"4":{"start":{"line":28,"column":4},"end":{"line":30,"column":null}},"5":{"start":{"line":29,"column":6},"end":{"line":29,"column":null}},"6":{"start":{"line":32,"column":2},"end":{"line":32,"column":null}},"7":{"start":{"line":39,"column":2},"end":{"line":44,"column":null}},"8":{"start":{"line":40,"column":18},"end":{"line":40,"column":null}},"9":{"start":{"line":41,"column":4},"end":{"line":43,"column":null}},"10":{"start":{"line":42,"column":6},"end":{"line":42,"column":null}},"11":{"start":{"line":45,"column":2},"end":{"line":45,"column":null}},"12":{"start":{"line":52,"column":2},"end":{"line":52,"column":null}},"13":{"start":{"line":59,"column":2},"end":{"line":59,"column":null}},"14":{"start":{"line":66,"column":2},"end":{"line":66,"column":null}},"15":{"start":{"line":73,"column":2},"end":{"line":75,"column":null}},"16":{"start":{"line":88,"column":2},"end":{"line":90,"column":null}},"17":{"start":{"line":104,"column":20},"end":{"line":104,"column":null}},"18":{"start":{"line":105,"column":2},"end":{"line":107,"column":null}},"19":{"start":{"line":106,"column":4},"end":{"line":106,"column":null}},"20":{"start":{"line":109,"column":18},"end":{"line":109,"column":null}},"21":{"start":{"line":110,"column":2},"end":{"line":112,"column":null}},"22":{"start":{"line":111,"column":4},"end":{"line":111,"column":null}},"23":{"start":{"line":114,"column":2},"end":{"line":114,"column":null}},"24":{"start":{"line":121,"column":15},"end":{"line":121,"column":null}},"25":{"start":{"line":124,"column":22},"end":{"line":124,"column":null}},"26":{"start":{"line":125,"column":2},"end":{"line":131,"column":null}},"27":{"start":{"line":126,"column":22},"end":{"line":126,"column":null}},"28":{"start":{"line":127,"column":4},"end":{"line":129,"column":null}},"29":{"start":{"line":128,"column":6},"end":{"line":128,"column":null}},"30":{"start":{"line":130,"column":4},"end":{"line":130,"column":null}},"31":{"start":{"line":134,"column":25},"end":{"line":134,"column":null}},"32":{"start":{"line":135,"column":2},"end":{"line":137,"column":null}},"33":{"start":{"line":136,"column":4},"end":{"line":136,"column":null}},"34":{"start":{"line":139,"column":23},"end":{"line":139,"column":null}},"35":{"start":{"line":140,"column":2},"end":{"line":142,"column":null}},"36":{"start":{"line":141,"column":4},"end":{"line":141,"column":null}},"37":{"start":{"line":144,"column":2},"end":{"line":144,"column":null}}},"fnMap":{"0":{"name":"extractYouTubeId","decl":{"start":{"line":25,"column":16},"end":{"line":25,"column":33}},"loc":{"start":{"line":25,"column":61},"end":{"line":33,"column":null}},"line":25},"1":{"name":"extractVimeoId","decl":{"start":{"line":38,"column":16},"end":{"line":38,"column":31}},"loc":{"start":{"line":38,"column":59},"end":{"line":46,"column":null}},"line":38},"2":{"name":"isYouTubeUrl","decl":{"start":{"line":51,"column":16},"end":{"line":51,"column":29}},"loc":{"start":{"line":51,"column":51},"end":{"line":53,"column":null}},"line":51},"3":{"name":"isVimeoUrl","decl":{"start":{"line":58,"column":16},"end":{"line":58,"column":27}},"loc":{"start":{"line":58,"column":49},"end":{"line":60,"column":null}},"line":58},"4":{"name":"isEmbeddableVideo","decl":{"start":{"line":65,"column":16},"end":{"line":65,"column":34}},"loc":{"start":{"line":65,"column":56},"end":{"line":67,"column":null}},"line":65},"5":{"name":"getYouTubeEmbedHtml","decl":{"start":{"line":72,"column":16},"end":{"line":72,"column":36}},"loc":{"start":{"line":72,"column":61},"end":{"line":82,"column":null}},"line":72},"6":{"name":"getVimeoEmbedHtml","decl":{"start":{"line":87,"column":16},"end":{"line":87,"column":34}},"loc":{"start":{"line":87,"column":59},"end":{"line":97,"column":null}},"line":87},"7":{"name":"getVideoEmbedHtml","decl":{"start":{"line":103,"column":16},"end":{"line":103,"column":34}},"loc":{"start":{"line":103,"column":62},"end":{"line":115,"column":null}},"line":103},"8":{"name":"autoEmbedVideos","decl":{"start":{"line":120,"column":16},"end":{"line":120,"column":32}},"loc":{"start":{"line":120,"column":54},"end":{"line":145,"column":null}},"line":120},"9":{"name":"(anonymous_9)","decl":{"start":{"line":125,"column":39},"end":{"line":125,"column":40}},"loc":{"start":{"line":125,"column":62},"end":{"line":131,"column":3}},"line":125},"10":{"name":"(anonymous_10)","decl":{"start":{"line":135,"column":42},"end":{"line":135,"column":43}},"loc":{"start":{"line":135,"column":69},"end":{"line":137,"column":3}},"line":135},"11":{"name":"(anonymous_11)","decl":{"start":{"line":140,"column":40},"end":{"line":140,"column":41}},"loc":{"start":{"line":140,"column":67},"end":{"line":142,"column":3}},"line":140}},"branchMap":{"0":{"loc":{"start":{"line":28,"column":4},"end":{"line":30,"column":null}},"type":"if","locations":[{"start":{"line":28,"column":4},"end":{"line":30,"column":null}},{"start":{},"end":{}}],"line":28},"1":{"loc":{"start":{"line":28,"column":8},"end":{"line":28,"column":27}},"type":"binary-expr","locations":[{"start":{"line":28,"column":8},"end":{"line":28,"column":17}},{"start":{"line":28,"column":17},"end":{"line":28,"column":27}}],"line":28},"2":{"loc":{"start":{"line":41,"column":4},"end":{"line":43,"column":null}},"type":"if","locations":[{"start":{"line":41,"column":4},"end":{"line":43,"column":null}},{"start":{},"end":{}}],"line":41},"3":{"loc":{"start":{"line":41,"column":8},"end":{"line":41,"column":27}},"type":"binary-expr","locations":[{"start":{"line":41,"column":8},"end":{"line":41,"column":17}},{"start":{"line":41,"column":17},"end":{"line":41,"column":27}}],"line":41},"4":{"loc":{"start":{"line":66,"column":9},"end":{"line":66,"column":null}},"type":"binary-expr","locations":[{"start":{"line":66,"column":9},"end":{"line":66,"column":30}},{"start":{"line":66,"column":30},"end":{"line":66,"column":null}}],"line":66},"5":{"loc":{"start":{"line":105,"column":2},"end":{"line":107,"column":null}},"type":"if","locations":[{"start":{"line":105,"column":2},"end":{"line":107,"column":null}},{"start":{},"end":{}}],"line":105},"6":{"loc":{"start":{"line":110,"column":2},"end":{"line":112,"column":null}},"type":"if","locations":[{"start":{"line":110,"column":2},"end":{"line":112,"column":null}},{"start":{},"end":{}}],"line":110},"7":{"loc":{"start":{"line":127,"column":4},"end":{"line":129,"column":null}},"type":"if","locations":[{"start":{"line":127,"column":4},"end":{"line":129,"column":null}},{"start":{},"end":{}}],"line":127}},"s":{"0":2,"1":2,"2":19,"3":43,"4":43,"5":9,"6":10,"7":15,"8":24,"9":24,"10":8,"11":7,"12":7,"13":6,"14":3,"15":4,"16":4,"17":6,"18":6,"19":2,"20":4,"21":4,"22":2,"23":2,"24":5,"25":5,"26":5,"27":3,"28":3,"29":2,"30":1,"31":5,"32":5,"33":1,"34":5,"35":5,"36":1,"37":5},"f":{"0":19,"1":15,"2":7,"3":6,"4":3,"5":4,"6":4,"7":6,"8":5,"9":3,"10":1,"11":1},"b":{"0":[9,34],"1":[43,9],"2":[8,16],"3":[24,8],"4":[3,2],"5":[2,4],"6":[2,2],"7":[2,1]},"meta":{"lastBranch":8,"lastFunction":12,"lastStatement":38,"seen":{"s:8:25:12:Infinity":0,"s:17:23:20:Infinity":1,"f:25:16:25:33":0,"s:26:2:31:Infinity":2,"s:27:18:27:Infinity":3,"b:28:4:30:Infinity:undefined:undefined:undefined:undefined":0,"s:28:4:30:Infinity":4,"b:28:8:28:17:28:17:28:27":1,"s:29:6:29:Infinity":5,"s:32:2:32:Infinity":6,"f:38:16:38:31":1,"s:39:2:44:Infinity":7,"s:40:18:40:Infinity":8,"b:41:4:43:Infinity:undefined:undefined:undefined:undefined":2,"s:41:4:43:Infinity":9,"b:41:8:41:17:41:17:41:27":3,"s:42:6:42:Infinity":10,"s:45:2:45:Infinity":11,"f:51:16:51:29":2,"s:52:2:52:Infinity":12,"f:58:16:58:27":3,"s:59:2:59:Infinity":13,"f:65:16:65:34":4,"s:66:2:66:Infinity":14,"b:66:9:66:30:66:30:66:Infinity":4,"f:72:16:72:36":5,"s:73:2:75:Infinity":15,"f:87:16:87:34":6,"s:88:2:90:Infinity":16,"f:103:16:103:34":7,"s:104:20:104:Infinity":17,"b:105:2:107:Infinity:undefined:undefined:undefined:undefined":5,"s:105:2:107:Infinity":18,"s:106:4:106:Infinity":19,"s:109:18:109:Infinity":20,"b:110:2:112:Infinity:undefined:undefined:undefined:undefined":6,"s:110:2:112:Infinity":21,"s:111:4:111:Infinity":22,"s:114:2:114:Infinity":23,"f:120:16:120:32":8,"s:121:15:121:Infinity":24,"s:124:22:124:Infinity":25,"s:125:2:131:Infinity":26,"f:125:39:125:40":9,"s:126:22:126:Infinity":27,"b:127:4:129:Infinity:undefined:undefined:undefined:undefined":7,"s:127:4:129:Infinity":28,"s:128:6:128:Infinity":29,"s:130:4:130:Infinity":30,"s:134:25:134:Infinity":31,"s:135:2:137:Infinity":32,"f:135:42:135:43":10,"s:136:4:136:Infinity":33,"s:139:23:139:Infinity":34,"s:140:2:142:Infinity":35,"f:140:40:140:41":11,"s:141:4:141:Infinity":36,"s:144:2:144:Infinity":37}}}
,"/home/runner/work/next-level-editor-jordan/next-level-editor-jordan/src/utils/export.ts": {"path":"/home/runner/work/next-level-editor-jordan/next-level-editor-jordan/src/utils/export.ts","statementMap":{"0":{"start":{"line":11,"column":15},"end":{"line":11,"column":null}},"1":{"start":{"line":12,"column":2},"end":{"line":12,"column":null}},"2":{"start":{"line":14,"column":18},"end":{"line":86,"column":null}},"3":{"start":{"line":15,"column":4},"end":{"line":17,"column":null}},"4":{"start":{"line":16,"column":6},"end":{"line":16,"column":null}},"5":{"start":{"line":19,"column":4},"end":{"line":83,"column":null}},"6":{"start":{"line":20,"column":22},"end":{"line":20,"column":null}},"7":{"start":{"line":21,"column":22},"end":{"line":21,"column":null}},"8":{"start":{"line":22,"column":23},"end":{"line":22,"column":null}},"9":{"start":{"line":24,"column":6},"end":{"line":82,"column":null}},"10":{"start":{"line":26,"column":10},"end":{"line":26,"column":null}},"11":{"start":{"line":28,"column":10},"end":{"line":28,"column":null}},"12":{"start":{"line":30,"column":10},"end":{"line":30,"column":null}},"13":{"start":{"line":32,"column":10},"end":{"line":32,"column":null}},"14":{"start":{"line":34,"column":10},"end":{"line":34,"column":null}},"15":{"start":{"line":36,"column":10},"end":{"line":36,"column":null}},"16":{"start":{"line":38,"column":10},"end":{"line":38,"column":null}},"17":{"start":{"line":41,"column":10},"end":{"line":41,"column":null}},"18":{"start":{"line":44,"column":10},"end":{"line":44,"column":null}},"19":{"start":{"line":46,"column":10},"end":{"line":46,"column":null}},"20":{"start":{"line":48,"column":10},"end":{"line":48,"column":null}},"21":{"start":{"line":50,"column":10},"end":{"line":50,"column":null}},"22":{"start":{"line":52,"column":10},"end":{"line":52,"column":null}},"23":{"start":{"line":54,"column":10},"end":{"line":54,"column":null}},"24":{"start":{"line":56,"column":23},"end":{"line":56,"column":null}},"25":{"start":{"line":57,"column":10},"end":{"line":57,"column":null}},"26":{"start":{"line":60,"column":22},"end":{"line":60,"column":null}},"27":{"start":{"line":61,"column":22},"end":{"line":61,"column":null}},"28":{"start":{"line":62,"column":10},"end":{"line":62,"column":null}},"29":{"start":{"line":65,"column":10},"end":{"line":65,"column":null}},"30":{"start":{"line":67,"column":10},"end":{"line":67,"column":null}},"31":{"start":{"line":69,"column":25},"end":{"line":69,"column":null}},"32":{"start":{"line":70,"column":10},"end":{"line":73,"column":null}},"33":{"start":{"line":71,"column":26},"end":{"line":71,"column":null}},"34":{"start":{"line":72,"column":12},"end":{"line":72,"column":null}},"35":{"start":{"line":74,"column":10},"end":{"line":74,"column":null}},"36":{"start":{"line":77,"column":10},"end":{"line":77,"column":null}},"37":{"start":{"line":79,"column":10},"end":{"line":79,"column":null}},"38":{"start":{"line":81,"column":10},"end":{"line":81,"column":null}},"39":{"start":{"line":85,"column":4},"end":{"line":85,"column":null}},"40":{"start":{"line":88,"column":2},"end":{"line":88,"column":null}},"41":{"start":{"line":98,"column":15},"end":{"line":98,"column":null}},"42":{"start":{"line":99,"column":14},"end":{"line":99,"column":null}},"43":{"start":{"line":100,"column":15},"end":{"line":100,"column":null}},"44":{"start":{"line":101,"column":2},"end":{"line":101,"column":null}},"45":{"start":{"line":102,"column":2},"end":{"line":102,"column":null}},"46":{"start":{"line":103,"column":2},"end":{"line":103,"column":null}},"47":{"start":{"line":104,"column":2},"end":{"line":104,"column":null}},"48":{"start":{"line":105,"column":2},"end":{"line":105,"column":null}},"49":{"start":{"line":106,"column":2},"end":{"line":106,"column":null}},"50":{"start":{"line":115,"column":19},"end":{"line":154,"column":null}},"51":{"start":{"line":157,"column":2},"end":{"line":157,"column":null}},"52":{"start":{"line":166,"column":19},"end":{"line":166,"column":null}},"53":{"start":{"line":167,"column":2},"end":{"line":167,"column":null}}},"fnMap":{"0":{"name":"htmlToMarkdown","decl":{"start":{"line":10,"column":16},"end":{"line":10,"column":31}},"loc":{"start":{"line":10,"column":53},"end":{"line":89,"column":null}},"line":10},"1":{"name":"(anonymous_1)","decl":{"start":{"line":14,"column":18},"end":{"line":14,"column":19}},"loc":{"start":{"line":14,"column":42},"end":{"line":86,"column":null}},"line":14},"2":{"name":"downloadFile","decl":{"start":{"line":97,"column":16},"end":{"line":97,"column":29}},"loc":{"start":{"line":97,"column":97},"end":{"line":107,"column":null}},"line":97},"3":{"name":"exportAsHtml","decl":{"start":{"line":114,"column":16},"end":{"line":114,"column":29}},"loc":{"start":{"line":114,"column":79},"end":{"line":158,"column":null}},"line":114},"4":{"name":"exportAsMarkdown","decl":{"start":{"line":165,"column":16},"end":{"line":165,"column":33}},"loc":{"start":{"line":165,"column":81},"end":{"line":168,"column":null}},"line":165}},"branchMap":{"0":{"loc":{"start":{"line":15,"column":4},"end":{"line":17,"column":null}},"type":"if","locations":[{"start":{"line":15,"column":4},"end":{"line":17,"column":null}},{"start":{},"end":{}}],"line":15},"1":{"loc":{"start":{"line":16,"column":13},"end":{"line":16,"column":null}},"type":"binary-expr","locations":[{"start":{"line":16,"column":13},"end":{"line":16,"column":33}},{"start":{"line":16,"column":33},"end":{"line":16,"column":null}}],"line":16},"2":{"loc":{"start":{"line":19,"column":4},"end":{"line":83,"column":null}},"type":"if","locations":[{"start":{"line":19,"column":4},"end":{"line":83,"column":null}},{"start":{},"end":{}}],"line":19},"3":{"loc":{"start":{"line":24,"column":6},"end":{"line":82,"column":null}},"type":"switch","locations":[{"start":{"line":25,"column":8},"end":{"line":26,"column":null}},{"start":{"line":27,"column":8},"end":{"line":28,"column":null}},{"start":{"line":29,"column":8},"end":{"line":30,"column":null}},{"start":{"line":31,"column":8},"end":{"line":32,"column":null}},{"start":{"line":33,"column":8},"end":{"line":34,"column":null}},{"start":{"line":35,"column":8},"end":{"line":36,"column":null}},{"start":{"line":37,"column":8},"end":{"line":38,"column":null}},{"start":{"line":39,"column":8},"end":{"line":39,"column":null}},{"start":{"line":40,"column":8},"end":{"line":41,"column":null}},{"start":{"line":42,"column":8},"end":{"line":42,"column":null}},{"start":{"line":43,"column":8},"end":{"line":44,"column":null}},{"start":{"line":45,"column":8},"end":{"line":46,"column":null}},{"start":{"line":47,"column":8},"end":{"line":48,"column":null}},{"start":{"line":49,"column":8},"end":{"line":50,"column":null}},{"start":{"line":51,"column":8},"end":{"line":52,"column":null}},{"start":{"line":53,"column":8},"end":{"line":54,"column":null}},{"start":{"line":55,"column":8},"end":{"line":58,"column":null}},{"start":{"line":59,"column":8},"end":{"line":63,"column":null}},{"start":{"line":64,"column":8},"end":{"line":65,"column":null}},{"start":{"line":66,"column":8},"end":{"line":67,"column":null}},{"start":{"line":68,"column":8},"end":{"line":75,"column":null}},{"start":{"line":76,"column":8},"end":{"line":77,"column":null}},{"start":{"line":78,"column":8},"end":{"line":79,"column":null}},{"start":{"line":80,"column":8},"end":{"line":81,"column":null}}],"line":24},"4":{"loc":{"start":{"line":56,"column":23},"end":{"line":56,"column":null}},"type":"binary-expr","locations":[{"start":{"line":56,"column":23},"end":{"line":56,"column":55}},{"start":{"line":56,"column":55},"end":{"line":56,"column":null}}],"line":56},"5":{"loc":{"start":{"line":60,"column":22},"end":{"line":60,"column":null}},"type":"binary-expr","locations":[{"start":{"line":60,"column":22},"end":{"line":60,"column":53}},{"start":{"line":60,"column":53},"end":{"line":60,"column":null}}],"line":60},"6":{"loc":{"start":{"line":61,"column":22},"end":{"line":61,"column":null}},"type":"binary-expr","locations":[{"start":{"line":61,"column":22},"end":{"line":61,"column":53}},{"start":{"line":61,"column":53},"end":{"line":61,"column":null}}],"line":61},"7":{"loc":{"start":{"line":70,"column":10},"end":{"line":73,"column":null}},"type":"if","locations":[{"start":{"line":70,"column":10},"end":{"line":73,"column":null}},{"start":{},"end":{}}],"line":70},"8":{"loc":{"start":{"line":97,"column":64},"end":{"line":97,"column":97}},"type":"default-arg","locations":[{"start":{"line":97,"column":83},"end":{"line":97,"column":97}}],"line":97},"9":{"loc":{"start":{"line":114,"column":43},"end":{"line":114,"column":79}},"type":"default-arg","locations":[{"start":{"line":114,"column":62},"end":{"line":114,"column":79}}],"line":114},"10":{"loc":{"start":{"line":165,"column":47},"end":{"line":165,"column":81}},"type":"default-arg","locations":[{"start":{"line":165,"column":66},"end":{"line":165,"column":81}}],"line":165}},"s":{"0":29,"1":29,"2":29,"3":110,"4":36,"5":74,"6":74,"7":74,"8":74,"9":74,"10":2,"11":1,"12":1,"13":1,"14":1,"15":1,"16":10,"17":3,"18":3,"19":1,"20":2,"21":3,"22":1,"23":2,"24":1,"25":1,"26":3,"27":3,"28":3,"29":1,"30":1,"31":4,"32":4,"33":2,"34":2,"35":2,"36":2,"37":1,"38":29,"39":0,"40":29,"41":0,"42":0,"43":0,"44":0,"45":0,"46":0,"47":0,"48":0,"49":0,"50":0,"51":0,"52":0,"53":0},"f":{"0":29,"1":110,"2":0,"3":0,"4":0},"b":{"0":[36,74],"1":[36,0],"2":[74,0],"3":[2,1,1,1,1,1,10,2,3,2,3,1,2,3,1,2,1,3,1,1,4,2,1,29],"4":[1,0],"5":[3,0],"6":[3,1],"7":[2,2],"8":[0],"9":[0],"10":[0]},"meta":{"lastBranch":11,"lastFunction":5,"lastStatement":54,"seen":{"f:10:16:10:31":0,"s:11:15:11:Infinity":0,"s:12:2:12:Infinity":1,"s:14:18:86:Infinity":2,"f:14:18:14:19":1,"b:15:4:17:Infinity:undefined:undefined:undefined:undefined":0,"s:15:4:17:Infinity":3,"s:16:6:16:Infinity":4,"b:16:13:16:33:16:33:16:Infinity":1,"b:19:4:83:Infinity:undefined:undefined:undefined:undefined":2,"s:19:4:83:Infinity":5,"s:20:22:20:Infinity":6,"s:21:22:21:Infinity":7,"s:22:23:22:Infinity":8,"b:25:8:26:Infinity:27:8:28:Infinity:29:8:30:Infinity:31:8:32:Infinity:33:8:34:Infinity:35:8:36:Infinity:37:8:38:Infinity:39:8:39:Infinity:40:8:41:Infinity:42:8:42:Infinity:43:8:44:Infinity:45:8:46:Infinity:47:8:48:Infinity:49:8:50:Infinity:51:8:52:Infinity:53:8:54:Infinity:55:8:58:Infinity:59:8:63:Infinity:64:8:65:Infinity:66:8:67:Infinity:68:8:75:Infinity:76:8:77:Infinity:78:8:79:Infinity:80:8:81:Infinity":3,"s:24:6:82:Infinity":9,"s:26:10:26:Infinity":10,"s:28:10:28:Infinity":11,"s:30:10:30:Infinity":12,"s:32:10:32:Infinity":13,"s:34:10:34:Infinity":14,"s:36:10:36:Infinity":15,"s:38:10:38:Infinity":16,"s:41:10:41:Infinity":17,"s:44:10:44:Infinity":18,"s:46:10:46:Infinity":19,"s:48:10:48:Infinity":20,"s:50:10:50:Infinity":21,"s:52:10:52:Infinity":22,"s:54:10:54:Infinity":23,"s:56:23:56:Infinity":24,"b:56:23:56:55:56:55:56:Infinity":4,"s:57:10:57:Infinity":25,"s:60:22:60:Infinity":26,"b:60:22:60:53:60:53:60:Infinity":5,"s:61:22:61:Infinity":27,"b:61:22:61:53:61:53:61:Infinity":6,"s:62:10:62:Infinity":28,"s:65:10:65:Infinity":29,"s:67:10:67:Infinity":30,"s:69:25:69:Infinity":31,"b:70:10:73:Infinity:undefined:undefined:undefined:undefined":7,"s:70:10:73:Infinity":32,"s:71:26:71:Infinity":33,"s:72:12:72:Infinity":34,"s:74:10:74:Infinity":35,"s:77:10:77:Infinity":36,"s:79:10:79:Infinity":37,"s:81:10:81:Infinity":38,"s:85:4:85:Infinity":39,"s:88:2:88:Infinity":40,"f:97:16:97:29":2,"b:97:83:97:97":8,"s:98:15:98:Infinity":41,"s:99:14:99:Infinity":42,"s:100:15:100:Infinity":43,"s:101:2:101:Infinity":44,"s:102:2:102:Infinity":45,"s:103:2:103:Infinity":46,"s:104:2:104:Infinity":47,"s:105:2:105:Infinity":48,"s:106:2:106:Infinity":49,"f:114:16:114:29":3,"b:114:62:114:79":9,"s:115:19:154:Infinity":50,"s:157:2:157:Infinity":51,"f:165:16:165:33":4,"b:165:66:165:81":10,"s:166:19:166:Infinity":52,"s:167:2:167:Infinity":53}}}
}
