{"total": {"lines":{"total":267,"covered":246,"skipped":0,"pct":92.13},"statements":{"total":280,"covered":252,"skipped":0,"pct":90},"functions":{"total":36,"covered":29,"skipped":0,"pct":80.55},"branches":{"total":130,"covered":107,"skipped":0,"pct":82.3},"branchesTrue":{"total":0,"covered":0,"skipped":0,"pct":100}}
,"/home/runner/work/next-level-editor-jordan/next-level-editor-jordan/src/components/ContextMenu.vue": {"lines":{"total":18,"covered":12,"skipped":0,"pct":66.66},"functions":{"total":8,"covered":4,"skipped":0,"pct":50},"statements":{"total":20,"covered":13,"skipped":0,"pct":65},"branches":{"total":14,"covered":8,"skipped":0,"pct":57.14}}
,"/home/runner/work/next-level-editor-jordan/next-level-editor-jordan/src/utils/commands.ts": {"lines":{"total":157,"covered":156,"skipped":0,"pct":99.36},"functions":{"total":11,"covered":11,"skipped":0,"pct":100},"statements":{"total":168,"covered":161,"skipped":0,"pct":95.83},"branches":{"total":59,"covered":49,"skipped":0,"pct":83.05}}
,"/home/runner/work/next-level-editor-jordan/next-level-editor-jordan/src/utils/embed.ts": {"lines":{"total":38,"covered":38,"skipped":0,"pct":100},"functions":{"total":12,"covered":12,"skipped":0,"pct":100},"statements":{"total":38,"covered":38,"skipped":0,"pct":100},"branches":{"total":16,"covered":16,"skipped":0,"pct":100}}
,"/home/runner/work/next-level-editor-jordan/next-level-editor-jordan/src/utils/export.ts": {"lines":{"total":54,"covered":40,"skipped":0,"pct":74.07},"functions":{"total":5,"covered":2,"skipped":0,"pct":40},"statements":{"total":54,"covered":40,"skipped":0,"pct":74.07},"branches":{"total":41,"covered":34,"skipped":0,"pct":82.92}}
}
